<?xml version="1.0" encoding="UTF-8"?>
<robot generator="Robot 4.1.3 (Python 3.10.2 on win32)" generated="20220211 16:48:09.836" rpa="false" schemaversion="2">
<suite id="s1" name="Verify Valid Credential Suite" source="D:\robot_framework\login_suite\verify_valid_credential_suite.robot">
<test id="s1-t1" name="TC1">
<kw name="Launch Browser" library="common_functionality" type="SETUP">
<kw name="Open Browser" library="SeleniumLibrary">
<arg>browser=chrome</arg>
<arg>executable_path=${EXECDIR}${/}drivers${/}chromedriver</arg>
<doc>Opens a new browser instance to the optional ``url``.</doc>
<msg timestamp="20220211 16:48:10.111" level="INFO">Opening browser 'chrome' to base url 'None'.</msg>
<status status="PASS" starttime="20220211 16:48:10.111" endtime="20220211 16:48:11.969"/>
</kw>
<kw name="Maximize Browser Window" library="SeleniumLibrary">
<doc>Maximizes current browser window.</doc>
<status status="PASS" starttime="20220211 16:48:11.969" endtime="20220211 16:48:12.096"/>
</kw>
<kw name="Set Selenium Implicit Wait" library="SeleniumLibrary">
<arg>30s</arg>
<doc>Sets the implicit wait value used by Selenium.</doc>
<status status="PASS" starttime="20220211 16:48:12.097" endtime="20220211 16:48:12.098"/>
</kw>
<kw name="Go To" library="SeleniumLibrary">
<arg>url=https://demo.openemr.io/a/openemr/interface/login/login.php?site=default</arg>
<doc>Navigates the current browser window to the provided ``url``.</doc>
<msg timestamp="20220211 16:48:12.099" level="INFO">Opening url 'https://demo.openemr.io/a/openemr/interface/login/login.php?site=default'</msg>
<status status="PASS" starttime="20220211 16:48:12.098" endtime="20220211 16:48:16.336"/>
</kw>
<status status="PASS" starttime="20220211 16:48:10.110" endtime="20220211 16:48:16.337"/>
</kw>
<kw name="Verifty Valid Credentials Template">
<arg>admin</arg>
<arg>pass</arg>
<arg>English (Indian)</arg>
<arg>OpenEMR</arg>
<kw name="Input Text" library="SeleniumLibrary">
<arg>id=authUser</arg>
<arg>${username}</arg>
<doc>Types the given ``text`` into the text field identified by ``locator``.</doc>
<msg timestamp="20220211 16:48:16.339" level="INFO">Typing text 'admin' into text field 'id=authUser'.</msg>
<status status="PASS" starttime="20220211 16:48:16.339" endtime="20220211 16:48:16.414"/>
</kw>
<kw name="Input Password" library="SeleniumLibrary">
<arg>id=clearPass</arg>
<arg>${password}</arg>
<doc>Types the given password into the text field identified by ``locator``.</doc>
<msg timestamp="20220211 16:48:16.414" level="INFO">Typing password into text field 'id=clearPass'.</msg>
<msg timestamp="20220211 16:48:16.450" level="INFO">Temporally setting log level to: NONE</msg>
<msg timestamp="20220211 16:48:16.494" level="INFO">Log level changed from NONE to INFO.</msg>
<status status="PASS" starttime="20220211 16:48:16.414" endtime="20220211 16:48:16.494"/>
</kw>
<kw name="Select From List By Label" library="SeleniumLibrary">
<arg>name=languageChoice</arg>
<arg>${language}</arg>
<doc>Selects options from selection list ``locator`` by ``labels``.</doc>
<msg timestamp="20220211 16:48:16.494" level="INFO">Selecting options from selection list 'name=languageChoice' by label English (Indian).</msg>
<status status="PASS" starttime="20220211 16:48:16.494" endtime="20220211 16:48:16.561"/>
</kw>
<kw name="Click Element" library="SeleniumLibrary">
<arg>xpath=//button[@type='submit']</arg>
<doc>Click the element identified by ``locator``.</doc>
<msg timestamp="20220211 16:48:16.562" level="INFO">Clicking element 'xpath=//button[@type='submit']'.</msg>
<status status="PASS" starttime="20220211 16:48:16.562" endtime="20220211 16:48:20.132"/>
</kw>
<kw name="Title Should Be" library="SeleniumLibrary">
<arg>${expected_title}</arg>
<doc>Verifies that the current page title equals ``title``.</doc>
<msg timestamp="20220211 16:48:20.137" level="INFO">Page title is 'OpenEMR'.</msg>
<status status="PASS" starttime="20220211 16:48:20.132" endtime="20220211 16:48:20.138"/>
</kw>
<status status="PASS" starttime="20220211 16:48:16.338" endtime="20220211 16:48:20.138"/>
</kw>
<kw name="End Browser" library="common_functionality" type="TEARDOWN">
<kw name="Capture Page Screenshot" library="SeleniumLibrary">
<doc>Takes a screenshot of the current page and embeds it into a log file.</doc>
<msg timestamp="20220211 16:48:20.274" level="INFO" html="true">&lt;/td&gt;&lt;/tr&gt;&lt;tr&gt;&lt;td colspan="3"&gt;&lt;a href="selenium-screenshot-3.png"&gt;&lt;img src="selenium-screenshot-3.png" width="800px"&gt;&lt;/a&gt;</msg>
<status status="PASS" starttime="20220211 16:48:20.139" endtime="20220211 16:48:20.274"/>
</kw>
<kw name="Close Browser" library="SeleniumLibrary">
<doc>Closes the current browser.</doc>
<status status="PASS" starttime="20220211 16:48:20.275" endtime="20220211 16:48:23.549"/>
</kw>
<status status="PASS" starttime="20220211 16:48:20.139" endtime="20220211 16:48:23.549"/>
</kw>
<status status="PASS" starttime="20220211 16:48:10.110" endtime="20220211 16:48:23.551"/>
</test>
<test id="s1-t2" name="TC2">
<kw name="Launch Browser" library="common_functionality" type="SETUP">
<kw name="Open Browser" library="SeleniumLibrary">
<arg>browser=chrome</arg>
<arg>executable_path=${EXECDIR}${/}drivers${/}chromedriver</arg>
<doc>Opens a new browser instance to the optional ``url``.</doc>
<msg timestamp="20220211 16:48:23.555" level="INFO">Opening browser 'chrome' to base url 'None'.</msg>
<status status="PASS" starttime="20220211 16:48:23.554" endtime="20220211 16:48:25.269"/>
</kw>
<kw name="Maximize Browser Window" library="SeleniumLibrary">
<doc>Maximizes current browser window.</doc>
<status status="PASS" starttime="20220211 16:48:25.270" endtime="20220211 16:48:25.395"/>
</kw>
<kw name="Set Selenium Implicit Wait" library="SeleniumLibrary">
<arg>30s</arg>
<doc>Sets the implicit wait value used by Selenium.</doc>
<status status="PASS" starttime="20220211 16:48:25.396" endtime="20220211 16:48:25.397"/>
</kw>
<kw name="Go To" library="SeleniumLibrary">
<arg>url=https://demo.openemr.io/a/openemr/interface/login/login.php?site=default</arg>
<doc>Navigates the current browser window to the provided ``url``.</doc>
<msg timestamp="20220211 16:48:25.397" level="INFO">Opening url 'https://demo.openemr.io/a/openemr/interface/login/login.php?site=default'</msg>
<status status="PASS" starttime="20220211 16:48:25.397" endtime="20220211 16:48:28.346"/>
</kw>
<status status="PASS" starttime="20220211 16:48:23.554" endtime="20220211 16:48:28.346"/>
</kw>
<kw name="Verifty Valid Credentials Template">
<arg>physician</arg>
<arg>physician</arg>
<arg>English (Indian)</arg>
<arg>OpenEMR</arg>
<kw name="Input Text" library="SeleniumLibrary">
<arg>id=authUser</arg>
<arg>${username}</arg>
<doc>Types the given ``text`` into the text field identified by ``locator``.</doc>
<msg timestamp="20220211 16:48:28.348" level="INFO">Typing text 'physician' into text field 'id=authUser'.</msg>
<status status="PASS" starttime="20220211 16:48:28.347" endtime="20220211 16:48:28.424"/>
</kw>
<kw name="Input Password" library="SeleniumLibrary">
<arg>id=clearPass</arg>
<arg>${password}</arg>
<doc>Types the given password into the text field identified by ``locator``.</doc>
<msg timestamp="20220211 16:48:28.424" level="INFO">Typing password into text field 'id=clearPass'.</msg>
<msg timestamp="20220211 16:48:28.460" level="INFO">Temporally setting log level to: NONE</msg>
<msg timestamp="20220211 16:48:28.510" level="INFO">Log level changed from NONE to INFO.</msg>
<status status="PASS" starttime="20220211 16:48:28.424" endtime="20220211 16:48:28.510"/>
</kw>
<kw name="Select From List By Label" library="SeleniumLibrary">
<arg>name=languageChoice</arg>
<arg>${language}</arg>
<doc>Selects options from selection list ``locator`` by ``labels``.</doc>
<msg timestamp="20220211 16:48:28.511" level="INFO">Selecting options from selection list 'name=languageChoice' by label English (Indian).</msg>
<status status="PASS" starttime="20220211 16:48:28.510" endtime="20220211 16:48:28.570"/>
</kw>
<kw name="Click Element" library="SeleniumLibrary">
<arg>xpath=//button[@type='submit']</arg>
<doc>Click the element identified by ``locator``.</doc>
<msg timestamp="20220211 16:48:28.571" level="INFO">Clicking element 'xpath=//button[@type='submit']'.</msg>
<status status="PASS" starttime="20220211 16:48:28.570" endtime="20220211 16:48:32.404"/>
</kw>
<kw name="Title Should Be" library="SeleniumLibrary">
<arg>${expected_title}</arg>
<doc>Verifies that the current page title equals ``title``.</doc>
<msg timestamp="20220211 16:48:32.409" level="INFO">Page title is 'OpenEMR'.</msg>
<status status="PASS" starttime="20220211 16:48:32.404" endtime="20220211 16:48:32.409"/>
</kw>
<status status="PASS" starttime="20220211 16:48:28.347" endtime="20220211 16:48:32.409"/>
</kw>
<kw name="End Browser" library="common_functionality" type="TEARDOWN">
<kw name="Capture Page Screenshot" library="SeleniumLibrary">
<doc>Takes a screenshot of the current page and embeds it into a log file.</doc>
<msg timestamp="20220211 16:48:32.539" level="INFO" html="true">&lt;/td&gt;&lt;/tr&gt;&lt;tr&gt;&lt;td colspan="3"&gt;&lt;a href="selenium-screenshot-4.png"&gt;&lt;img src="selenium-screenshot-4.png" width="800px"&gt;&lt;/a&gt;</msg>
<status status="PASS" starttime="20220211 16:48:32.410" endtime="20220211 16:48:32.540"/>
</kw>
<kw name="Close Browser" library="SeleniumLibrary">
<doc>Closes the current browser.</doc>
<status status="PASS" starttime="20220211 16:48:32.540" endtime="20220211 16:48:34.771"/>
</kw>
<status status="PASS" starttime="20220211 16:48:32.410" endtime="20220211 16:48:34.771"/>
</kw>
<status status="PASS" starttime="20220211 16:48:23.554" endtime="20220211 16:48:34.772"/>
</test>
<status status="PASS" starttime="20220211 16:48:09.838" endtime="20220211 16:48:34.773"/>
</suite>
<statistics>
<total>
<stat pass="2" fail="0" skip="0">All Tests</stat>
</total>
<tag>
</tag>
<suite>
<stat pass="2" fail="0" skip="0" id="s1" name="Verify Valid Credential Suite">Verify Valid Credential Suite</stat>
</suite>
</statistics>
<errors>
</errors>
</robot>
